{"/Users/gitudigal/Local Sites/Fee management app/zoho-invoice-api/routes/mongoCustomers.js": {"path":"/Users/gitudigal/Local Sites/Fee management app/zoho-invoice-api/routes/mongoCustomers.js","statementMap":{"0":{"start":{"line":1,"column":16},"end":{"line":1,"column":34}},"1":{"start":{"line":2,"column":17},"end":{"line":2,"column":54}},"2":{"start":{"line":3,"column":15},"end":{"line":3,"column":31}},"3":{"start":{"line":4,"column":17},"end":{"line":4,"column":36}},"4":{"start":{"line":5,"column":16},"end":{"line":5,"column":52}},"5":{"start":{"line":8,"column":0},"end":{"line":18,"column":3}},"6":{"start":{"line":9,"column":2},"end":{"line":17,"column":3}},"7":{"start":{"line":10,"column":21},"end":{"line":10,"column":74}},"8":{"start":{"line":11,"column":4},"end":{"line":13,"column":5}},"9":{"start":{"line":12,"column":6},"end":{"line":12,"column":67}},"10":{"start":{"line":14,"column":4},"end":{"line":14,"column":27}},"11":{"start":{"line":16,"column":4},"end":{"line":16,"column":76}},"12":{"start":{"line":21,"column":0},"end":{"line":48,"column":3}},"13":{"start":{"line":22,"column":2},"end":{"line":47,"column":3}},"14":{"start":{"line":23,"column":57},"end":{"line":23,"column":66}},"15":{"start":{"line":24,"column":18},"end":{"line":24,"column":20}},"16":{"start":{"line":26,"column":4},"end":{"line":34,"column":5}},"17":{"start":{"line":27,"column":6},"end":{"line":33,"column":8}},"18":{"start":{"line":36,"column":4},"end":{"line":38,"column":7}},"19":{"start":{"line":37,"column":6},"end":{"line":37,"column":32}},"20":{"start":{"line":39,"column":18},"end":{"line":39,"column":54}},"21":{"start":{"line":40,"column":22},"end":{"line":42,"column":27}},"22":{"start":{"line":43,"column":4},"end":{"line":43,"column":77}},"23":{"start":{"line":45,"column":4},"end":{"line":45,"column":65}},"24":{"start":{"line":46,"column":4},"end":{"line":46,"column":76}},"25":{"start":{"line":51,"column":0},"end":{"line":87,"column":3}},"26":{"start":{"line":52,"column":2},"end":{"line":86,"column":3}},"27":{"start":{"line":53,"column":35},"end":{"line":53,"column":43}},"28":{"start":{"line":54,"column":16},"end":{"line":54,"column":27}},"29":{"start":{"line":57,"column":4},"end":{"line":59,"column":5}},"30":{"start":{"line":58,"column":6},"end":{"line":58,"column":87}},"31":{"start":{"line":60,"column":4},"end":{"line":62,"column":5}},"32":{"start":{"line":61,"column":6},"end":{"line":61,"column":80}},"33":{"start":{"line":63,"column":4},"end":{"line":65,"column":5}},"34":{"start":{"line":64,"column":6},"end":{"line":64,"column":46}},"35":{"start":{"line":68,"column":4},"end":{"line":70,"column":5}},"36":{"start":{"line":69,"column":6},"end":{"line":69,"column":53}},"37":{"start":{"line":72,"column":29},"end":{"line":72,"column":58}},"38":{"start":{"line":74,"column":4},"end":{"line":81,"column":5}},"39":{"start":{"line":75,"column":18},"end":{"line":75,"column":25}},"40":{"start":{"line":76,"column":6},"end":{"line":78,"column":81}},"41":{"start":{"line":76,"column":94},"end":{"line":76,"column":109}},"42":{"start":{"line":77,"column":11},"end":{"line":78,"column":81}},"43":{"start":{"line":77,"column":93},"end":{"line":77,"column":109}},"44":{"start":{"line":78,"column":11},"end":{"line":78,"column":81}},"45":{"start":{"line":78,"column":65},"end":{"line":78,"column":81}},"46":{"start":{"line":80,"column":6},"end":{"line":80,"column":109}},"47":{"start":{"line":83,"column":4},"end":{"line":83,"column":44}},"48":{"start":{"line":85,"column":4},"end":{"line":85,"column":83}},"49":{"start":{"line":91,"column":25},"end":{"line":102,"column":1}},"50":{"start":{"line":92,"column":2},"end":{"line":101,"column":32}},"51":{"start":{"line":93,"column":25},"end":{"line":93,"column":66}},"52":{"start":{"line":94,"column":4},"end":{"line":100,"column":7}},"53":{"start":{"line":105,"column":0},"end":{"line":126,"column":3}},"54":{"start":{"line":106,"column":2},"end":{"line":125,"column":3}},"55":{"start":{"line":107,"column":15},"end":{"line":107,"column":30}},"56":{"start":{"line":108,"column":4},"end":{"line":108,"column":49}},"57":{"start":{"line":108,"column":26},"end":{"line":108,"column":49}},"58":{"start":{"line":109,"column":20},"end":{"line":109,"column":47}},"59":{"start":{"line":110,"column":4},"end":{"line":113,"column":5}},"60":{"start":{"line":111,"column":6},"end":{"line":111,"column":50}},"61":{"start":{"line":112,"column":6},"end":{"line":112,"column":27}},"62":{"start":{"line":115,"column":4},"end":{"line":115,"column":116}},"63":{"start":{"line":116,"column":4},"end":{"line":116,"column":36}},"64":{"start":{"line":118,"column":4},"end":{"line":118,"column":62}},"65":{"start":{"line":120,"column":4},"end":{"line":124,"column":5}},"66":{"start":{"line":121,"column":6},"end":{"line":121,"column":89}},"67":{"start":{"line":123,"column":6},"end":{"line":123,"column":78}},"68":{"start":{"line":129,"column":0},"end":{"line":145,"column":3}},"69":{"start":{"line":130,"column":2},"end":{"line":144,"column":3}},"70":{"start":{"line":131,"column":20},"end":{"line":135,"column":5}},"71":{"start":{"line":136,"column":4},"end":{"line":138,"column":5}},"72":{"start":{"line":137,"column":6},"end":{"line":137,"column":67}},"73":{"start":{"line":140,"column":4},"end":{"line":140,"column":118}},"74":{"start":{"line":141,"column":4},"end":{"line":141,"column":36}},"75":{"start":{"line":143,"column":4},"end":{"line":143,"column":76}},"76":{"start":{"line":148,"column":0},"end":{"line":160,"column":3}},"77":{"start":{"line":149,"column":2},"end":{"line":159,"column":3}},"78":{"start":{"line":150,"column":20},"end":{"line":150,"column":82}},"79":{"start":{"line":151,"column":4},"end":{"line":153,"column":5}},"80":{"start":{"line":152,"column":6},"end":{"line":152,"column":67}},"81":{"start":{"line":155,"column":4},"end":{"line":155,"column":118}},"82":{"start":{"line":156,"column":4},"end":{"line":156,"column":32}},"83":{"start":{"line":158,"column":4},"end":{"line":158,"column":76}},"84":{"start":{"line":163,"column":0},"end":{"line":166,"column":3}},"85":{"start":{"line":164,"column":2},"end":{"line":164,"column":80}},"86":{"start":{"line":165,"column":2},"end":{"line":165,"column":62}},"87":{"start":{"line":168,"column":0},"end":{"line":168,"column":24}}},"fnMap":{"0":{"name":"(anonymous_0)","decl":{"start":{"line":8,"column":19},"end":{"line":8,"column":20}},"loc":{"start":{"line":8,"column":39},"end":{"line":18,"column":1}},"line":8},"1":{"name":"(anonymous_1)","decl":{"start":{"line":21,"column":16},"end":{"line":21,"column":17}},"loc":{"start":{"line":21,"column":36},"end":{"line":48,"column":1}},"line":21},"2":{"name":"(anonymous_2)","decl":{"start":{"line":36,"column":33},"end":{"line":36,"column":34}},"loc":{"start":{"line":36,"column":40},"end":{"line":38,"column":5}},"line":36},"3":{"name":"(anonymous_3)","decl":{"start":{"line":51,"column":33},"end":{"line":51,"column":34}},"loc":{"start":{"line":51,"column":53},"end":{"line":87,"column":1}},"line":51},"4":{"name":"(anonymous_4)","decl":{"start":{"line":91,"column":25},"end":{"line":91,"column":26}},"loc":{"start":{"line":91,"column":50},"end":{"line":102,"column":1}},"line":91},"5":{"name":"(anonymous_5)","decl":{"start":{"line":105,"column":17},"end":{"line":105,"column":18}},"loc":{"start":{"line":105,"column":37},"end":{"line":126,"column":1}},"line":105},"6":{"name":"(anonymous_6)","decl":{"start":{"line":129,"column":21},"end":{"line":129,"column":22}},"loc":{"start":{"line":129,"column":41},"end":{"line":145,"column":1}},"line":129},"7":{"name":"(anonymous_7)","decl":{"start":{"line":148,"column":22},"end":{"line":148,"column":23}},"loc":{"start":{"line":148,"column":42},"end":{"line":160,"column":1}},"line":148},"8":{"name":"(anonymous_8)","decl":{"start":{"line":163,"column":11},"end":{"line":163,"column":12}},"loc":{"start":{"line":163,"column":36},"end":{"line":166,"column":1}},"line":163}},"branchMap":{"0":{"loc":{"start":{"line":11,"column":4},"end":{"line":13,"column":5}},"type":"if","locations":[{"start":{"line":11,"column":4},"end":{"line":13,"column":5}},{"start":{},"end":{}}],"line":11},"1":{"loc":{"start":{"line":16,"column":34},"end":{"line":16,"column":72}},"type":"binary-expr","locations":[{"start":{"line":16,"column":34},"end":{"line":16,"column":45}},{"start":{"line":16,"column":49},"end":{"line":16,"column":72}}],"line":16},"2":{"loc":{"start":{"line":23,"column":12},"end":{"line":23,"column":20}},"type":"default-arg","locations":[{"start":{"line":23,"column":19},"end":{"line":23,"column":20}}],"line":23},"3":{"loc":{"start":{"line":23,"column":22},"end":{"line":23,"column":32}},"type":"default-arg","locations":[{"start":{"line":23,"column":30},"end":{"line":23,"column":32}}],"line":23},"4":{"loc":{"start":{"line":26,"column":4},"end":{"line":34,"column":5}},"type":"if","locations":[{"start":{"line":26,"column":4},"end":{"line":34,"column":5}},{"start":{},"end":{}}],"line":26},"5":{"loc":{"start":{"line":45,"column":47},"end":{"line":45,"column":63}},"type":"binary-expr","locations":[{"start":{"line":45,"column":47},"end":{"line":45,"column":56}},{"start":{"line":45,"column":60},"end":{"line":45,"column":63}}],"line":45},"6":{"loc":{"start":{"line":46,"column":34},"end":{"line":46,"column":72}},"type":"binary-expr","locations":[{"start":{"line":46,"column":34},"end":{"line":46,"column":45}},{"start":{"line":46,"column":49},"end":{"line":46,"column":72}}],"line":46},"7":{"loc":{"start":{"line":57,"column":4},"end":{"line":59,"column":5}},"type":"if","locations":[{"start":{"line":57,"column":4},"end":{"line":59,"column":5}},{"start":{},"end":{}}],"line":57},"8":{"loc":{"start":{"line":57,"column":8},"end":{"line":57,"column":27}},"type":"binary-expr","locations":[{"start":{"line":57,"column":8},"end":{"line":57,"column":12}},{"start":{"line":57,"column":16},"end":{"line":57,"column":27}}],"line":57},"9":{"loc":{"start":{"line":60,"column":4},"end":{"line":62,"column":5}},"type":"if","locations":[{"start":{"line":60,"column":4},"end":{"line":62,"column":5}},{"start":{},"end":{}}],"line":60},"10":{"loc":{"start":{"line":60,"column":8},"end":{"line":60,"column":29}},"type":"binary-expr","locations":[{"start":{"line":60,"column":8},"end":{"line":60,"column":13}},{"start":{"line":60,"column":17},"end":{"line":60,"column":29}}],"line":60},"11":{"loc":{"start":{"line":63,"column":4},"end":{"line":65,"column":5}},"type":"if","locations":[{"start":{"line":63,"column":4},"end":{"line":65,"column":5}},{"start":{},"end":{}}],"line":63},"12":{"loc":{"start":{"line":63,"column":8},"end":{"line":63,"column":29}},"type":"binary-expr","locations":[{"start":{"line":63,"column":8},"end":{"line":63,"column":13}},{"start":{"line":63,"column":17},"end":{"line":63,"column":29}}],"line":63},"13":{"loc":{"start":{"line":68,"column":4},"end":{"line":70,"column":5}},"type":"if","locations":[{"start":{"line":68,"column":4},"end":{"line":70,"column":5}},{"start":{},"end":{}}],"line":68},"14":{"loc":{"start":{"line":74,"column":4},"end":{"line":81,"column":5}},"type":"if","locations":[{"start":{"line":74,"column":4},"end":{"line":81,"column":5}},{"start":{},"end":{}}],"line":74},"15":{"loc":{"start":{"line":76,"column":6},"end":{"line":78,"column":81}},"type":"if","locations":[{"start":{"line":76,"column":6},"end":{"line":78,"column":81}},{"start":{"line":77,"column":11},"end":{"line":78,"column":81}}],"line":76},"16":{"loc":{"start":{"line":76,"column":10},"end":{"line":76,"column":92}},"type":"binary-expr","locations":[{"start":{"line":76,"column":10},"end":{"line":76,"column":14}},{"start":{"line":76,"column":18},"end":{"line":76,"column":92}}],"line":76},"17":{"loc":{"start":{"line":77,"column":11},"end":{"line":78,"column":81}},"type":"if","locations":[{"start":{"line":77,"column":11},"end":{"line":78,"column":81}},{"start":{"line":78,"column":11},"end":{"line":78,"column":81}}],"line":77},"18":{"loc":{"start":{"line":77,"column":15},"end":{"line":77,"column":91}},"type":"binary-expr","locations":[{"start":{"line":77,"column":15},"end":{"line":77,"column":20}},{"start":{"line":77,"column":24},"end":{"line":77,"column":91}}],"line":77},"19":{"loc":{"start":{"line":78,"column":11},"end":{"line":78,"column":81}},"type":"if","locations":[{"start":{"line":78,"column":11},"end":{"line":78,"column":81}},{"start":{},"end":{}}],"line":78},"20":{"loc":{"start":{"line":78,"column":15},"end":{"line":78,"column":63}},"type":"binary-expr","locations":[{"start":{"line":78,"column":15},"end":{"line":78,"column":20}},{"start":{"line":78,"column":24},"end":{"line":78,"column":63}}],"line":78},"21":{"loc":{"start":{"line":108,"column":4},"end":{"line":108,"column":49}},"type":"if","locations":[{"start":{"line":108,"column":4},"end":{"line":108,"column":49}},{"start":{},"end":{}}],"line":108},"22":{"loc":{"start":{"line":110,"column":4},"end":{"line":113,"column":5}},"type":"if","locations":[{"start":{"line":110,"column":4},"end":{"line":113,"column":5}},{"start":{},"end":{}}],"line":110},"23":{"loc":{"start":{"line":115,"column":70},"end":{"line":115,"column":114}},"type":"binary-expr","locations":[{"start":{"line":115,"column":70},"end":{"line":115,"column":83}},{"start":{"line":115,"column":88},"end":{"line":115,"column":96}},{"start":{"line":115,"column":100},"end":{"line":115,"column":113}}],"line":115},"24":{"loc":{"start":{"line":118,"column":44},"end":{"line":118,"column":60}},"type":"binary-expr","locations":[{"start":{"line":118,"column":44},"end":{"line":118,"column":53}},{"start":{"line":118,"column":57},"end":{"line":118,"column":60}}],"line":118},"25":{"loc":{"start":{"line":120,"column":4},"end":{"line":124,"column":5}},"type":"if","locations":[{"start":{"line":120,"column":4},"end":{"line":124,"column":5}},{"start":{"line":122,"column":11},"end":{"line":124,"column":5}}],"line":120},"26":{"loc":{"start":{"line":123,"column":36},"end":{"line":123,"column":74}},"type":"binary-expr","locations":[{"start":{"line":123,"column":36},"end":{"line":123,"column":47}},{"start":{"line":123,"column":51},"end":{"line":123,"column":74}}],"line":123},"27":{"loc":{"start":{"line":136,"column":4},"end":{"line":138,"column":5}},"type":"if","locations":[{"start":{"line":136,"column":4},"end":{"line":138,"column":5}},{"start":{},"end":{}}],"line":136},"28":{"loc":{"start":{"line":140,"column":72},"end":{"line":140,"column":116}},"type":"binary-expr","locations":[{"start":{"line":140,"column":72},"end":{"line":140,"column":85}},{"start":{"line":140,"column":90},"end":{"line":140,"column":98}},{"start":{"line":140,"column":102},"end":{"line":140,"column":115}}],"line":140},"29":{"loc":{"start":{"line":143,"column":34},"end":{"line":143,"column":72}},"type":"binary-expr","locations":[{"start":{"line":143,"column":34},"end":{"line":143,"column":45}},{"start":{"line":143,"column":49},"end":{"line":143,"column":72}}],"line":143},"30":{"loc":{"start":{"line":151,"column":4},"end":{"line":153,"column":5}},"type":"if","locations":[{"start":{"line":151,"column":4},"end":{"line":153,"column":5}},{"start":{},"end":{}}],"line":151},"31":{"loc":{"start":{"line":155,"column":72},"end":{"line":155,"column":116}},"type":"binary-expr","locations":[{"start":{"line":155,"column":72},"end":{"line":155,"column":85}},{"start":{"line":155,"column":90},"end":{"line":155,"column":98}},{"start":{"line":155,"column":102},"end":{"line":155,"column":115}}],"line":155},"32":{"loc":{"start":{"line":158,"column":34},"end":{"line":158,"column":72}},"type":"binary-expr","locations":[{"start":{"line":158,"column":34},"end":{"line":158,"column":45}},{"start":{"line":158,"column":49},"end":{"line":158,"column":72}}],"line":158},"33":{"loc":{"start":{"line":164,"column":62},"end":{"line":164,"column":78}},"type":"binary-expr","locations":[{"start":{"line":164,"column":62},"end":{"line":164,"column":71}},{"start":{"line":164,"column":75},"end":{"line":164,"column":78}}],"line":164}},"s":{"0":0,"1":0,"2":0,"3":0,"4":0,"5":0,"6":0,"7":0,"8":0,"9":0,"10":0,"11":0,"12":0,"13":0,"14":0,"15":0,"16":0,"17":0,"18":0,"19":0,"20":0,"21":0,"22":0,"23":0,"24":0,"25":0,"26":0,"27":0,"28":0,"29":0,"30":0,"31":0,"32":0,"33":0,"34":0,"35":0,"36":0,"37":0,"38":0,"39":0,"40":0,"41":0,"42":0,"43":0,"44":0,"45":0,"46":0,"47":0,"48":0,"49":0,"50":0,"51":0,"52":0,"53":0,"54":0,"55":0,"56":0,"57":0,"58":0,"59":0,"60":0,"61":0,"62":0,"63":0,"64":0,"65":0,"66":0,"67":0,"68":0,"69":0,"70":0,"71":0,"72":0,"73":0,"74":0,"75":0,"76":0,"77":0,"78":0,"79":0,"80":0,"81":0,"82":0,"83":0,"84":0,"85":0,"86":0,"87":0},"f":{"0":0,"1":0,"2":0,"3":0,"4":0,"5":0,"6":0,"7":0,"8":0},"b":{"0":[0,0],"1":[0,0],"2":[0],"3":[0],"4":[0,0],"5":[0,0],"6":[0,0],"7":[0,0],"8":[0,0],"9":[0,0],"10":[0,0],"11":[0,0],"12":[0,0],"13":[0,0],"14":[0,0],"15":[0,0],"16":[0,0],"17":[0,0],"18":[0,0],"19":[0,0],"20":[0,0],"21":[0,0],"22":[0,0],"23":[0,0,0],"24":[0,0],"25":[0,0],"26":[0,0],"27":[0,0],"28":[0,0,0],"29":[0,0],"30":[0,0],"31":[0,0,0],"32":[0,0],"33":[0,0]}}
,"/Users/gitudigal/Local Sites/Fee management app/zoho-invoice-api/routes/mongoInvoices.js": {"path":"/Users/gitudigal/Local Sites/Fee management app/zoho-invoice-api/routes/mongoInvoices.js","statementMap":{"0":{"start":{"line":1,"column":16},"end":{"line":1,"column":34}},"1":{"start":{"line":2,"column":16},"end":{"line":2,"column":52}},"2":{"start":{"line":3,"column":15},"end":{"line":3,"column":31}},"3":{"start":{"line":6,"column":0},"end":{"line":40,"column":3}},"4":{"start":{"line":7,"column":2},"end":{"line":39,"column":3}},"5":{"start":{"line":8,"column":77},"end":{"line":8,"column":86}},"6":{"start":{"line":9,"column":18},"end":{"line":9,"column":20}},"7":{"start":{"line":11,"column":4},"end":{"line":17,"column":5}},"8":{"start":{"line":12,"column":6},"end":{"line":16,"column":8}},"9":{"start":{"line":18,"column":4},"end":{"line":20,"column":5}},"10":{"start":{"line":19,"column":6},"end":{"line":19,"column":38}},"11":{"start":{"line":21,"column":4},"end":{"line":27,"column":5}},"12":{"start":{"line":23,"column":24},"end":{"line":23,"column":40}},"13":{"start":{"line":24,"column":19},"end":{"line":24,"column":59}},"14":{"start":{"line":25,"column":17},"end":{"line":25,"column":70}},"15":{"start":{"line":26,"column":6},"end":{"line":26,"column":44}},"16":{"start":{"line":29,"column":4},"end":{"line":31,"column":7}},"17":{"start":{"line":30,"column":6},"end":{"line":30,"column":32}},"18":{"start":{"line":32,"column":18},"end":{"line":32,"column":53}},"19":{"start":{"line":33,"column":21},"end":{"line":35,"column":27}},"20":{"start":{"line":36,"column":4},"end":{"line":36,"column":76}},"21":{"start":{"line":38,"column":4},"end":{"line":38,"column":49}},"22":{"start":{"line":43,"column":0},"end":{"line":70,"column":3}},"23":{"start":{"line":44,"column":2},"end":{"line":69,"column":3}},"24":{"start":{"line":45,"column":64},"end":{"line":45,"column":73}},"25":{"start":{"line":46,"column":18},"end":{"line":46,"column":57}},"26":{"start":{"line":47,"column":4},"end":{"line":52,"column":5}},"27":{"start":{"line":48,"column":6},"end":{"line":51,"column":8}},"28":{"start":{"line":53,"column":4},"end":{"line":58,"column":5}},"29":{"start":{"line":54,"column":24},"end":{"line":54,"column":40}},"30":{"start":{"line":55,"column":19},"end":{"line":55,"column":59}},"31":{"start":{"line":56,"column":17},"end":{"line":56,"column":70}},"32":{"start":{"line":57,"column":6},"end":{"line":57,"column":44}},"33":{"start":{"line":59,"column":4},"end":{"line":61,"column":7}},"34":{"start":{"line":60,"column":6},"end":{"line":60,"column":32}},"35":{"start":{"line":62,"column":18},"end":{"line":62,"column":53}},"36":{"start":{"line":63,"column":21},"end":{"line":65,"column":27}},"37":{"start":{"line":66,"column":4},"end":{"line":66,"column":76}},"38":{"start":{"line":68,"column":4},"end":{"line":68,"column":49}},"39":{"start":{"line":72,"column":0},"end":{"line":72,"column":24}}},"fnMap":{"0":{"name":"(anonymous_0)","decl":{"start":{"line":6,"column":16},"end":{"line":6,"column":17}},"loc":{"start":{"line":6,"column":36},"end":{"line":40,"column":1}},"line":6},"1":{"name":"(anonymous_1)","decl":{"start":{"line":29,"column":33},"end":{"line":29,"column":34}},"loc":{"start":{"line":29,"column":40},"end":{"line":31,"column":5}},"line":29},"2":{"name":"(anonymous_2)","decl":{"start":{"line":43,"column":37},"end":{"line":43,"column":38}},"loc":{"start":{"line":43,"column":57},"end":{"line":70,"column":1}},"line":43},"3":{"name":"(anonymous_3)","decl":{"start":{"line":59,"column":33},"end":{"line":59,"column":34}},"loc":{"start":{"line":59,"column":40},"end":{"line":61,"column":5}},"line":59}},"branchMap":{"0":{"loc":{"start":{"line":8,"column":12},"end":{"line":8,"column":20}},"type":"default-arg","locations":[{"start":{"line":8,"column":19},"end":{"line":8,"column":20}}],"line":8},"1":{"loc":{"start":{"line":8,"column":22},"end":{"line":8,"column":32}},"type":"default-arg","locations":[{"start":{"line":8,"column":30},"end":{"line":8,"column":32}}],"line":8},"2":{"loc":{"start":{"line":11,"column":4},"end":{"line":17,"column":5}},"type":"if","locations":[{"start":{"line":11,"column":4},"end":{"line":17,"column":5}},{"start":{},"end":{}}],"line":11},"3":{"loc":{"start":{"line":18,"column":4},"end":{"line":20,"column":5}},"type":"if","locations":[{"start":{"line":18,"column":4},"end":{"line":20,"column":5}},{"start":{},"end":{}}],"line":18},"4":{"loc":{"start":{"line":21,"column":4},"end":{"line":27,"column":5}},"type":"if","locations":[{"start":{"line":21,"column":4},"end":{"line":27,"column":5}},{"start":{},"end":{}}],"line":21},"5":{"loc":{"start":{"line":45,"column":12},"end":{"line":45,"column":20}},"type":"default-arg","locations":[{"start":{"line":45,"column":19},"end":{"line":45,"column":20}}],"line":45},"6":{"loc":{"start":{"line":45,"column":22},"end":{"line":45,"column":32}},"type":"default-arg","locations":[{"start":{"line":45,"column":30},"end":{"line":45,"column":32}}],"line":45},"7":{"loc":{"start":{"line":47,"column":4},"end":{"line":52,"column":5}},"type":"if","locations":[{"start":{"line":47,"column":4},"end":{"line":52,"column":5}},{"start":{},"end":{}}],"line":47},"8":{"loc":{"start":{"line":53,"column":4},"end":{"line":58,"column":5}},"type":"if","locations":[{"start":{"line":53,"column":4},"end":{"line":58,"column":5}},{"start":{},"end":{}}],"line":53}},"s":{"0":0,"1":0,"2":0,"3":0,"4":0,"5":0,"6":0,"7":0,"8":0,"9":0,"10":0,"11":0,"12":0,"13":0,"14":0,"15":0,"16":0,"17":0,"18":0,"19":0,"20":0,"21":0,"22":0,"23":0,"24":0,"25":0,"26":0,"27":0,"28":0,"29":0,"30":0,"31":0,"32":0,"33":0,"34":0,"35":0,"36":0,"37":0,"38":0,"39":0},"f":{"0":0,"1":0,"2":0,"3":0},"b":{"0":[0],"1":[0],"2":[0,0],"3":[0,0],"4":[0,0],"5":[0],"6":[0],"7":[0,0],"8":[0,0]}}
,"/Users/gitudigal/Local Sites/Fee management app/zoho-invoice-api/routes/mongoPayments.js": {"path":"/Users/gitudigal/Local Sites/Fee management app/zoho-invoice-api/routes/mongoPayments.js","statementMap":{"0":{"start":{"line":1,"column":16},"end":{"line":1,"column":34}},"1":{"start":{"line":2,"column":16},"end":{"line":2,"column":52}},"2":{"start":{"line":3,"column":15},"end":{"line":3,"column":31}},"3":{"start":{"line":4,"column":23},"end":{"line":4,"column":38}},"4":{"start":{"line":7,"column":0},"end":{"line":41,"column":3}},"5":{"start":{"line":8,"column":2},"end":{"line":40,"column":3}},"6":{"start":{"line":9,"column":77},"end":{"line":9,"column":86}},"7":{"start":{"line":10,"column":18},"end":{"line":10,"column":20}},"8":{"start":{"line":12,"column":4},"end":{"line":18,"column":5}},"9":{"start":{"line":13,"column":6},"end":{"line":17,"column":8}},"10":{"start":{"line":19,"column":4},"end":{"line":21,"column":5}},"11":{"start":{"line":20,"column":6},"end":{"line":20,"column":38}},"12":{"start":{"line":22,"column":4},"end":{"line":28,"column":5}},"13":{"start":{"line":24,"column":24},"end":{"line":24,"column":40}},"14":{"start":{"line":25,"column":19},"end":{"line":25,"column":59}},"15":{"start":{"line":26,"column":17},"end":{"line":26,"column":70}},"16":{"start":{"line":27,"column":6},"end":{"line":27,"column":44}},"17":{"start":{"line":30,"column":4},"end":{"line":32,"column":7}},"18":{"start":{"line":31,"column":6},"end":{"line":31,"column":32}},"19":{"start":{"line":33,"column":18},"end":{"line":33,"column":53}},"20":{"start":{"line":34,"column":29},"end":{"line":36,"column":27}},"21":{"start":{"line":37,"column":4},"end":{"line":37,"column":84}},"22":{"start":{"line":39,"column":4},"end":{"line":39,"column":49}},"23":{"start":{"line":44,"column":0},"end":{"line":55,"column":3}},"24":{"start":{"line":45,"column":2},"end":{"line":54,"column":3}},"25":{"start":{"line":46,"column":4},"end":{"line":48,"column":5}},"26":{"start":{"line":47,"column":6},"end":{"line":47,"column":37}},"27":{"start":{"line":49,"column":20},"end":{"line":49,"column":50}},"28":{"start":{"line":50,"column":4},"end":{"line":50,"column":26}},"29":{"start":{"line":52,"column":4},"end":{"line":52,"column":61}},"30":{"start":{"line":53,"column":4},"end":{"line":53,"column":76}},"31":{"start":{"line":58,"column":0},"end":{"line":69,"column":3}},"32":{"start":{"line":59,"column":2},"end":{"line":68,"column":3}},"33":{"start":{"line":60,"column":19},"end":{"line":60,"column":29}},"34":{"start":{"line":61,"column":20},"end":{"line":61,"column":55}},"35":{"start":{"line":62,"column":4},"end":{"line":64,"column":5}},"36":{"start":{"line":63,"column":6},"end":{"line":63,"column":66}},"37":{"start":{"line":65,"column":4},"end":{"line":65,"column":60}},"38":{"start":{"line":67,"column":4},"end":{"line":67,"column":86}},"39":{"start":{"line":72,"column":0},"end":{"line":89,"column":3}},"40":{"start":{"line":73,"column":2},"end":{"line":88,"column":3}},"41":{"start":{"line":74,"column":19},"end":{"line":74,"column":29}},"42":{"start":{"line":75,"column":61},"end":{"line":75,"column":69}},"43":{"start":{"line":76,"column":19},"end":{"line":76,"column":21}},"44":{"start":{"line":77,"column":4},"end":{"line":77,"column":47}},"45":{"start":{"line":77,"column":28},"end":{"line":77,"column":47}},"46":{"start":{"line":78,"column":4},"end":{"line":78,"column":53}},"47":{"start":{"line":78,"column":30},"end":{"line":78,"column":53}},"48":{"start":{"line":79,"column":4},"end":{"line":79,"column":71}},"49":{"start":{"line":79,"column":36},"end":{"line":79,"column":71}},"50":{"start":{"line":80,"column":4},"end":{"line":80,"column":83}},"51":{"start":{"line":80,"column":40},"end":{"line":80,"column":83}},"52":{"start":{"line":81,"column":20},"end":{"line":81,"column":78}},"53":{"start":{"line":82,"column":4},"end":{"line":84,"column":5}},"54":{"start":{"line":83,"column":6},"end":{"line":83,"column":66}},"55":{"start":{"line":85,"column":4},"end":{"line":85,"column":50}},"56":{"start":{"line":87,"column":4},"end":{"line":87,"column":86}},"57":{"start":{"line":91,"column":0},"end":{"line":91,"column":24}}},"fnMap":{"0":{"name":"(anonymous_0)","decl":{"start":{"line":7,"column":16},"end":{"line":7,"column":17}},"loc":{"start":{"line":7,"column":36},"end":{"line":41,"column":1}},"line":7},"1":{"name":"(anonymous_1)","decl":{"start":{"line":30,"column":33},"end":{"line":30,"column":34}},"loc":{"start":{"line":30,"column":40},"end":{"line":32,"column":5}},"line":30},"2":{"name":"(anonymous_2)","decl":{"start":{"line":44,"column":17},"end":{"line":44,"column":18}},"loc":{"start":{"line":44,"column":37},"end":{"line":55,"column":1}},"line":44},"3":{"name":"(anonymous_3)","decl":{"start":{"line":58,"column":22},"end":{"line":58,"column":23}},"loc":{"start":{"line":58,"column":42},"end":{"line":69,"column":1}},"line":58},"4":{"name":"(anonymous_4)","decl":{"start":{"line":72,"column":21},"end":{"line":72,"column":22}},"loc":{"start":{"line":72,"column":41},"end":{"line":89,"column":1}},"line":72}},"branchMap":{"0":{"loc":{"start":{"line":9,"column":12},"end":{"line":9,"column":20}},"type":"default-arg","locations":[{"start":{"line":9,"column":19},"end":{"line":9,"column":20}}],"line":9},"1":{"loc":{"start":{"line":9,"column":22},"end":{"line":9,"column":32}},"type":"default-arg","locations":[{"start":{"line":9,"column":30},"end":{"line":9,"column":32}}],"line":9},"2":{"loc":{"start":{"line":12,"column":4},"end":{"line":18,"column":5}},"type":"if","locations":[{"start":{"line":12,"column":4},"end":{"line":18,"column":5}},{"start":{},"end":{}}],"line":12},"3":{"loc":{"start":{"line":19,"column":4},"end":{"line":21,"column":5}},"type":"if","locations":[{"start":{"line":19,"column":4},"end":{"line":21,"column":5}},{"start":{},"end":{}}],"line":19},"4":{"loc":{"start":{"line":22,"column":4},"end":{"line":28,"column":5}},"type":"if","locations":[{"start":{"line":22,"column":4},"end":{"line":28,"column":5}},{"start":{},"end":{}}],"line":22},"5":{"loc":{"start":{"line":46,"column":4},"end":{"line":48,"column":5}},"type":"if","locations":[{"start":{"line":46,"column":4},"end":{"line":48,"column":5}},{"start":{},"end":{}}],"line":46},"6":{"loc":{"start":{"line":52,"column":43},"end":{"line":52,"column":59}},"type":"binary-expr","locations":[{"start":{"line":52,"column":43},"end":{"line":52,"column":52}},{"start":{"line":52,"column":56},"end":{"line":52,"column":59}}],"line":52},"7":{"loc":{"start":{"line":53,"column":34},"end":{"line":53,"column":72}},"type":"binary-expr","locations":[{"start":{"line":53,"column":34},"end":{"line":53,"column":45}},{"start":{"line":53,"column":49},"end":{"line":53,"column":72}}],"line":53},"8":{"loc":{"start":{"line":62,"column":4},"end":{"line":64,"column":5}},"type":"if","locations":[{"start":{"line":62,"column":4},"end":{"line":64,"column":5}},{"start":{},"end":{}}],"line":62},"9":{"loc":{"start":{"line":77,"column":4},"end":{"line":77,"column":47}},"type":"if","locations":[{"start":{"line":77,"column":4},"end":{"line":77,"column":47}},{"start":{},"end":{}}],"line":77},"10":{"loc":{"start":{"line":78,"column":4},"end":{"line":78,"column":53}},"type":"if","locations":[{"start":{"line":78,"column":4},"end":{"line":78,"column":53}},{"start":{},"end":{}}],"line":78},"11":{"loc":{"start":{"line":79,"column":4},"end":{"line":79,"column":71}},"type":"if","locations":[{"start":{"line":79,"column":4},"end":{"line":79,"column":71}},{"start":{},"end":{}}],"line":79},"12":{"loc":{"start":{"line":80,"column":4},"end":{"line":80,"column":83}},"type":"if","locations":[{"start":{"line":80,"column":4},"end":{"line":80,"column":83}},{"start":{},"end":{}}],"line":80},"13":{"loc":{"start":{"line":82,"column":4},"end":{"line":84,"column":5}},"type":"if","locations":[{"start":{"line":82,"column":4},"end":{"line":84,"column":5}},{"start":{},"end":{}}],"line":82}},"s":{"0":0,"1":0,"2":0,"3":0,"4":0,"5":0,"6":0,"7":0,"8":0,"9":0,"10":0,"11":0,"12":0,"13":0,"14":0,"15":0,"16":0,"17":0,"18":0,"19":0,"20":0,"21":0,"22":0,"23":0,"24":0,"25":0,"26":0,"27":0,"28":0,"29":0,"30":0,"31":0,"32":0,"33":0,"34":0,"35":0,"36":0,"37":0,"38":0,"39":0,"40":0,"41":0,"42":0,"43":0,"44":0,"45":0,"46":0,"47":0,"48":0,"49":0,"50":0,"51":0,"52":0,"53":0,"54":0,"55":0,"56":0,"57":0},"f":{"0":0,"1":0,"2":0,"3":0,"4":0},"b":{"0":[0],"1":[0],"2":[0,0],"3":[0,0],"4":[0,0],"5":[0,0],"6":[0,0],"7":[0,0],"8":[0,0],"9":[0,0],"10":[0,0],"11":[0,0],"12":[0,0],"13":[0,0]}}
,"/Users/gitudigal/Local Sites/Fee management app/zoho-invoice-api/routes/notifications.js": {"path":"/Users/gitudigal/Local Sites/Fee management app/zoho-invoice-api/routes/notifications.js","statementMap":{"0":{"start":{"line":1,"column":16},"end":{"line":1,"column":34}},"1":{"start":{"line":2,"column":21},"end":{"line":2,"column":62}},"2":{"start":{"line":3,"column":15},"end":{"line":3,"column":31}},"3":{"start":{"line":6,"column":0},"end":{"line":13,"column":3}},"4":{"start":{"line":7,"column":2},"end":{"line":12,"column":3}},"5":{"start":{"line":8,"column":26},"end":{"line":8,"column":70}},"6":{"start":{"line":9,"column":4},"end":{"line":9,"column":32}},"7":{"start":{"line":11,"column":4},"end":{"line":11,"column":49}},"8":{"start":{"line":16,"column":0},"end":{"line":24,"column":3}},"9":{"start":{"line":17,"column":2},"end":{"line":23,"column":3}},"10":{"start":{"line":18,"column":48},"end":{"line":18,"column":56}},"11":{"start":{"line":19,"column":25},"end":{"line":19,"column":87}},"12":{"start":{"line":20,"column":4},"end":{"line":20,"column":31}},"13":{"start":{"line":22,"column":4},"end":{"line":22,"column":49}},"14":{"start":{"line":27,"column":0},"end":{"line":35,"column":3}},"15":{"start":{"line":28,"column":2},"end":{"line":34,"column":3}},"16":{"start":{"line":29,"column":19},"end":{"line":29,"column":29}},"17":{"start":{"line":30,"column":25},"end":{"line":30,"column":96}},"18":{"start":{"line":31,"column":4},"end":{"line":31,"column":31}},"19":{"start":{"line":33,"column":4},"end":{"line":33,"column":49}},"20":{"start":{"line":38,"column":0},"end":{"line":45,"column":3}},"21":{"start":{"line":39,"column":2},"end":{"line":44,"column":3}},"22":{"start":{"line":40,"column":4},"end":{"line":40,"column":38}},"23":{"start":{"line":41,"column":4},"end":{"line":41,"column":32}},"24":{"start":{"line":43,"column":4},"end":{"line":43,"column":49}},"25":{"start":{"line":47,"column":0},"end":{"line":47,"column":24}}},"fnMap":{"0":{"name":"(anonymous_0)","decl":{"start":{"line":6,"column":16},"end":{"line":6,"column":17}},"loc":{"start":{"line":6,"column":36},"end":{"line":13,"column":1}},"line":6},"1":{"name":"(anonymous_1)","decl":{"start":{"line":16,"column":17},"end":{"line":16,"column":18}},"loc":{"start":{"line":16,"column":37},"end":{"line":24,"column":1}},"line":16},"2":{"name":"(anonymous_2)","decl":{"start":{"line":27,"column":21},"end":{"line":27,"column":22}},"loc":{"start":{"line":27,"column":41},"end":{"line":35,"column":1}},"line":27},"3":{"name":"(anonymous_3)","decl":{"start":{"line":38,"column":19},"end":{"line":38,"column":20}},"loc":{"start":{"line":38,"column":39},"end":{"line":45,"column":1}},"line":38}},"branchMap":{},"s":{"0":0,"1":0,"2":0,"3":0,"4":0,"5":0,"6":0,"7":0,"8":0,"9":0,"10":0,"11":0,"12":0,"13":0,"14":0,"15":0,"16":0,"17":0,"18":0,"19":0,"20":0,"21":0,"22":0,"23":0,"24":0,"25":0},"f":{"0":0,"1":0,"2":0,"3":0},"b":{}}
,"/Users/gitudigal/Local Sites/Fee management app/zoho-invoice-api/routes/sms.js": {"path":"/Users/gitudigal/Local Sites/Fee management app/zoho-invoice-api/routes/sms.js","statementMap":{"0":{"start":{"line":1,"column":16},"end":{"line":1,"column":34}},"1":{"start":{"line":2,"column":33},"end":{"line":2,"column":71}},"2":{"start":{"line":3,"column":31},"end":{"line":3,"column":67}},"3":{"start":{"line":4,"column":17},"end":{"line":4,"column":54}},"4":{"start":{"line":5,"column":15},"end":{"line":5,"column":31}},"5":{"start":{"line":11,"column":0},"end":{"line":63,"column":3}},"6":{"start":{"line":12,"column":2},"end":{"line":62,"column":3}},"7":{"start":{"line":14,"column":20},"end":{"line":14,"column":29}},"8":{"start":{"line":15,"column":14},"end":{"line":15,"column":24}},"9":{"start":{"line":17,"column":4},"end":{"line":23,"column":5}},"10":{"start":{"line":18,"column":6},"end":{"line":18,"column":54}},"11":{"start":{"line":20,"column":6},"end":{"line":20,"column":31}},"12":{"start":{"line":21,"column":6},"end":{"line":21,"column":36}},"13":{"start":{"line":22,"column":6},"end":{"line":22,"column":61}},"14":{"start":{"line":25,"column":24},"end":{"line":25,"column":154}},"15":{"start":{"line":27,"column":20},"end":{"line":27,"column":56}},"16":{"start":{"line":28,"column":23},"end":{"line":28,"column":54}},"17":{"start":{"line":29,"column":21},"end":{"line":29,"column":48}},"18":{"start":{"line":30,"column":26},"end":{"line":35,"column":35}},"19":{"start":{"line":37,"column":27},"end":{"line":37,"column":36}},"20":{"start":{"line":38,"column":4},"end":{"line":40,"column":7}},"21":{"start":{"line":39,"column":6},"end":{"line":39,"column":46}},"22":{"start":{"line":42,"column":28},"end":{"line":45,"column":6}},"23":{"start":{"line":43,"column":24},"end":{"line":43,"column":65}},"24":{"start":{"line":44,"column":6},"end":{"line":44,"column":44}},"25":{"start":{"line":47,"column":30},"end":{"line":47,"column":78}},"26":{"start":{"line":47,"column":64},"end":{"line":47,"column":77}},"27":{"start":{"line":48,"column":4},"end":{"line":55,"column":7}},"28":{"start":{"line":57,"column":4},"end":{"line":57,"column":78}},"29":{"start":{"line":58,"column":4},"end":{"line":61,"column":7}},"30":{"start":{"line":69,"column":0},"end":{"line":84,"column":3}},"31":{"start":{"line":70,"column":2},"end":{"line":83,"column":3}},"32":{"start":{"line":71,"column":54},"end":{"line":71,"column":62}},"33":{"start":{"line":73,"column":20},"end":{"line":73,"column":69}},"34":{"start":{"line":74,"column":4},"end":{"line":76,"column":5}},"35":{"start":{"line":75,"column":6},"end":{"line":75,"column":88}},"36":{"start":{"line":77,"column":30},"end":{"line":77,"column":72}},"37":{"start":{"line":78,"column":4},"end":{"line":78,"column":93}},"38":{"start":{"line":79,"column":4},"end":{"line":79,"column":89}},"39":{"start":{"line":81,"column":4},"end":{"line":81,"column":62}},"40":{"start":{"line":82,"column":4},"end":{"line":82,"column":89}},"41":{"start":{"line":90,"column":0},"end":{"line":130,"column":3}},"42":{"start":{"line":91,"column":2},"end":{"line":129,"column":3}},"43":{"start":{"line":92,"column":20},"end":{"line":92,"column":28}},"44":{"start":{"line":93,"column":14},"end":{"line":93,"column":24}},"45":{"start":{"line":95,"column":4},"end":{"line":101,"column":5}},"46":{"start":{"line":96,"column":6},"end":{"line":96,"column":54}},"47":{"start":{"line":98,"column":6},"end":{"line":98,"column":31}},"48":{"start":{"line":99,"column":6},"end":{"line":99,"column":36}},"49":{"start":{"line":100,"column":6},"end":{"line":100,"column":61}},"50":{"start":{"line":102,"column":24},"end":{"line":102,"column":194}},"51":{"start":{"line":103,"column":20},"end":{"line":103,"column":56}},"52":{"start":{"line":104,"column":23},"end":{"line":104,"column":54}},"53":{"start":{"line":105,"column":21},"end":{"line":105,"column":48}},"54":{"start":{"line":106,"column":26},"end":{"line":106,"column":120}},"55":{"start":{"line":107,"column":27},"end":{"line":107,"column":36}},"56":{"start":{"line":108,"column":4},"end":{"line":108,"column":83}},"57":{"start":{"line":108,"column":39},"end":{"line":108,"column":79}},"58":{"start":{"line":109,"column":28},"end":{"line":112,"column":6}},"59":{"start":{"line":110,"column":24},"end":{"line":110,"column":65}},"60":{"start":{"line":111,"column":6},"end":{"line":111,"column":44}},"61":{"start":{"line":113,"column":4},"end":{"line":115,"column":5}},"62":{"start":{"line":114,"column":6},"end":{"line":114,"column":121}},"63":{"start":{"line":116,"column":21},"end":{"line":116,"column":22}},"64":{"start":{"line":116,"column":33},"end":{"line":116,"column":34}},"65":{"start":{"line":117,"column":4},"end":{"line":124,"column":5}},"66":{"start":{"line":118,"column":6},"end":{"line":123,"column":7}},"67":{"start":{"line":119,"column":8},"end":{"line":119,"column":165}},"68":{"start":{"line":120,"column":8},"end":{"line":120,"column":21}},"69":{"start":{"line":122,"column":8},"end":{"line":122,"column":17}},"70":{"start":{"line":125,"column":4},"end":{"line":125,"column":193}},"71":{"start":{"line":127,"column":4},"end":{"line":127,"column":68}},"72":{"start":{"line":128,"column":4},"end":{"line":128,"column":95}},"73":{"start":{"line":136,"column":0},"end":{"line":170,"column":3}},"74":{"start":{"line":137,"column":2},"end":{"line":169,"column":3}},"75":{"start":{"line":138,"column":37},"end":{"line":138,"column":45}},"76":{"start":{"line":140,"column":4},"end":{"line":145,"column":5}},"77":{"start":{"line":141,"column":6},"end":{"line":144,"column":9}},"78":{"start":{"line":147,"column":19},"end":{"line":147,"column":65}},"79":{"start":{"line":149,"column":4},"end":{"line":161,"column":5}},"80":{"start":{"line":150,"column":6},"end":{"line":155,"column":9}},"81":{"start":{"line":157,"column":6},"end":{"line":160,"column":9}},"82":{"start":{"line":164,"column":4},"end":{"line":164,"column":67}},"83":{"start":{"line":165,"column":4},"end":{"line":168,"column":7}},"84":{"start":{"line":176,"column":0},"end":{"line":195,"column":3}},"85":{"start":{"line":177,"column":2},"end":{"line":194,"column":3}},"86":{"start":{"line":178,"column":28},"end":{"line":178,"column":133}},"87":{"start":{"line":180,"column":4},"end":{"line":186,"column":7}},"88":{"start":{"line":189,"column":4},"end":{"line":189,"column":60}},"89":{"start":{"line":190,"column":4},"end":{"line":193,"column":7}},"90":{"start":{"line":197,"column":0},"end":{"line":197,"column":24}}},"fnMap":{"0":{"name":"(anonymous_0)","decl":{"start":{"line":11,"column":31},"end":{"line":11,"column":32}},"loc":{"start":{"line":11,"column":51},"end":{"line":63,"column":1}},"line":11},"1":{"name":"(anonymous_1)","decl":{"start":{"line":38,"column":26},"end":{"line":38,"column":27}},"loc":{"start":{"line":38,"column":37},"end":{"line":40,"column":5}},"line":38},"2":{"name":"(anonymous_2)","decl":{"start":{"line":42,"column":47},"end":{"line":42,"column":48}},"loc":{"start":{"line":42,"column":58},"end":{"line":45,"column":5}},"line":42},"3":{"name":"(anonymous_3)","decl":{"start":{"line":47,"column":53},"end":{"line":47,"column":54}},"loc":{"start":{"line":47,"column":64},"end":{"line":47,"column":77}},"line":47},"4":{"name":"(anonymous_4)","decl":{"start":{"line":69,"column":30},"end":{"line":69,"column":31}},"loc":{"start":{"line":69,"column":50},"end":{"line":84,"column":1}},"line":69},"5":{"name":"(anonymous_5)","decl":{"start":{"line":90,"column":36},"end":{"line":90,"column":37}},"loc":{"start":{"line":90,"column":56},"end":{"line":130,"column":1}},"line":90},"6":{"name":"(anonymous_6)","decl":{"start":{"line":108,"column":26},"end":{"line":108,"column":27}},"loc":{"start":{"line":108,"column":37},"end":{"line":108,"column":81}},"line":108},"7":{"name":"(anonymous_7)","decl":{"start":{"line":109,"column":47},"end":{"line":109,"column":48}},"loc":{"start":{"line":109,"column":58},"end":{"line":112,"column":5}},"line":109},"8":{"name":"(anonymous_8)","decl":{"start":{"line":136,"column":28},"end":{"line":136,"column":29}},"loc":{"start":{"line":136,"column":48},"end":{"line":170,"column":1}},"line":136},"9":{"name":"(anonymous_9)","decl":{"start":{"line":176,"column":22},"end":{"line":176,"column":23}},"loc":{"start":{"line":176,"column":42},"end":{"line":195,"column":1}},"line":176}},"branchMap":{"0":{"loc":{"start":{"line":17,"column":4},"end":{"line":23,"column":5}},"type":"if","locations":[{"start":{"line":17,"column":4},"end":{"line":23,"column":5}},{"start":{"line":19,"column":11},"end":{"line":23,"column":5}}],"line":17},"1":{"loc":{"start":{"line":17,"column":8},"end":{"line":17,"column":44}},"type":"binary-expr","locations":[{"start":{"line":17,"column":8},"end":{"line":17,"column":13}},{"start":{"line":17,"column":17},"end":{"line":17,"column":44}}],"line":17},"2":{"loc":{"start":{"line":43,"column":24},"end":{"line":43,"column":65}},"type":"binary-expr","locations":[{"start":{"line":43,"column":24},"end":{"line":43,"column":42}},{"start":{"line":43,"column":46},"end":{"line":43,"column":65}}],"line":43},"3":{"loc":{"start":{"line":74,"column":4},"end":{"line":76,"column":5}},"type":"if","locations":[{"start":{"line":74,"column":4},"end":{"line":76,"column":5}},{"start":{},"end":{}}],"line":74},"4":{"loc":{"start":{"line":74,"column":8},"end":{"line":74,"column":34}},"type":"binary-expr","locations":[{"start":{"line":74,"column":8},"end":{"line":74,"column":16}},{"start":{"line":74,"column":20},"end":{"line":74,"column":34}}],"line":74},"5":{"loc":{"start":{"line":77,"column":30},"end":{"line":77,"column":72}},"type":"binary-expr","locations":[{"start":{"line":77,"column":30},"end":{"line":77,"column":67}},{"start":{"line":77,"column":71},"end":{"line":77,"column":72}}],"line":77},"6":{"loc":{"start":{"line":95,"column":4},"end":{"line":101,"column":5}},"type":"if","locations":[{"start":{"line":95,"column":4},"end":{"line":101,"column":5}},{"start":{"line":97,"column":11},"end":{"line":101,"column":5}}],"line":95},"7":{"loc":{"start":{"line":95,"column":8},"end":{"line":95,"column":44}},"type":"binary-expr","locations":[{"start":{"line":95,"column":8},"end":{"line":95,"column":13}},{"start":{"line":95,"column":17},"end":{"line":95,"column":44}}],"line":95},"8":{"loc":{"start":{"line":110,"column":24},"end":{"line":110,"column":65}},"type":"binary-expr","locations":[{"start":{"line":110,"column":24},"end":{"line":110,"column":42}},{"start":{"line":110,"column":46},"end":{"line":110,"column":65}}],"line":110},"9":{"loc":{"start":{"line":113,"column":4},"end":{"line":115,"column":5}},"type":"if","locations":[{"start":{"line":113,"column":4},"end":{"line":115,"column":5}},{"start":{},"end":{}}],"line":113},"10":{"loc":{"start":{"line":119,"column":73},"end":{"line":119,"column":115}},"type":"binary-expr","locations":[{"start":{"line":119,"column":73},"end":{"line":119,"column":110}},{"start":{"line":119,"column":114},"end":{"line":119,"column":115}}],"line":119},"11":{"loc":{"start":{"line":140,"column":4},"end":{"line":145,"column":5}},"type":"if","locations":[{"start":{"line":140,"column":4},"end":{"line":145,"column":5}},{"start":{},"end":{}}],"line":140},"12":{"loc":{"start":{"line":140,"column":8},"end":{"line":140,"column":32}},"type":"binary-expr","locations":[{"start":{"line":140,"column":8},"end":{"line":140,"column":20}},{"start":{"line":140,"column":24},"end":{"line":140,"column":32}}],"line":140},"13":{"loc":{"start":{"line":149,"column":4},"end":{"line":161,"column":5}},"type":"if","locations":[{"start":{"line":149,"column":4},"end":{"line":161,"column":5}},{"start":{"line":156,"column":11},"end":{"line":161,"column":5}}],"line":149},"14":{"loc":{"start":{"line":178,"column":31},"end":{"line":178,"column":132}},"type":"binary-expr","locations":[{"start":{"line":178,"column":31},"end":{"line":178,"column":61}},{"start":{"line":178,"column":65},"end":{"line":178,"column":94}},{"start":{"line":178,"column":98},"end":{"line":178,"column":132}}],"line":178},"15":{"loc":{"start":{"line":184,"column":22},"end":{"line":184,"column":81}},"type":"cond-expr","locations":[{"start":{"line":184,"column":40},"end":{"line":184,"column":74}},{"start":{"line":184,"column":77},"end":{"line":184,"column":81}}],"line":184},"16":{"loc":{"start":{"line":185,"column":15},"end":{"line":185,"column":96}},"type":"cond-expr","locations":[{"start":{"line":185,"column":33},"end":{"line":185,"column":60}},{"start":{"line":185,"column":63},"end":{"line":185,"column":96}}],"line":185}},"s":{"0":1,"1":1,"2":1,"3":1,"4":1,"5":1,"6":4,"7":4,"8":4,"9":4,"10":1,"11":3,"12":3,"13":3,"14":4,"15":4,"16":4,"17":4,"18":4,"19":4,"20":4,"21":4,"22":4,"23":9,"24":9,"25":4,"26":5,"27":4,"28":0,"29":0,"30":1,"31":4,"32":4,"33":4,"34":4,"35":2,"36":2,"37":2,"38":1,"39":1,"40":1,"41":1,"42":4,"43":4,"44":4,"45":4,"46":1,"47":3,"48":3,"49":3,"50":4,"51":4,"52":4,"53":4,"54":4,"55":4,"56":4,"57":4,"58":4,"59":7,"60":7,"61":4,"62":1,"63":3,"64":3,"65":3,"66":3,"67":3,"68":2,"69":1,"70":3,"71":0,"72":0,"73":1,"74":4,"75":4,"76":4,"77":2,"78":2,"79":2,"80":1,"81":1,"82":0,"83":0,"84":1,"85":2,"86":2,"87":2,"88":0,"89":0,"90":1},"f":{"0":4,"1":4,"2":9,"3":5,"4":4,"5":4,"6":4,"7":7,"8":4,"9":2},"b":{"0":[1,3],"1":[4,2],"2":[9,0],"3":[2,2],"4":[4,3],"5":[2,2],"6":[1,3],"7":[4,1],"8":[7,0],"9":[1,3],"10":[3,3],"11":[2,2],"12":[4,3],"13":[1,1],"14":[2,2,2],"15":[1,1],"16":[1,1]},"_coverageSchema":"1a1c01bbd47fc00a2c39e90264f33305004495a9","hash":"86109eec15f484e09ffcfb5c22309eec0543292a"}
,"/Users/gitudigal/Local Sites/Fee management app/zoho-invoice-api/services/sendgridService.js": {"path":"/Users/gitudigal/Local Sites/Fee management app/zoho-invoice-api/services/sendgridService.js","statementMap":{"0":{"start":{"line":1,"column":15},"end":{"line":1,"column":40}},"1":{"start":{"line":2,"column":0},"end":{"line":2,"column":47}},"2":{"start":{"line":5,"column":14},"end":{"line":11,"column":3}},"3":{"start":{"line":12,"column":2},"end":{"line":12,"column":26}},"4":{"start":{"line":16,"column":14},"end":{"line":22,"column":3}},"5":{"start":{"line":23,"column":2},"end":{"line":23,"column":26}},"6":{"start":{"line":27,"column":14},"end":{"line":33,"column":3}},"7":{"start":{"line":34,"column":2},"end":{"line":34,"column":26}},"8":{"start":{"line":37,"column":0},"end":{"line":37,"column":80}}},"fnMap":{"0":{"name":"sendOtpEmail","decl":{"start":{"line":4,"column":15},"end":{"line":4,"column":27}},"loc":{"start":{"line":4,"column":37},"end":{"line":13,"column":1}},"line":4},"1":{"name":"sendPasswordResetEmail","decl":{"start":{"line":15,"column":15},"end":{"line":15,"column":37}},"loc":{"start":{"line":15,"column":52},"end":{"line":24,"column":1}},"line":15},"2":{"name":"sendFeeReminderEmail","decl":{"start":{"line":26,"column":15},"end":{"line":26,"column":35}},"loc":{"start":{"line":26,"column":87},"end":{"line":35,"column":1}},"line":26}},"branchMap":{"0":{"loc":{"start":{"line":7,"column":10},"end":{"line":7,"column":70}},"type":"binary-expr","locations":[{"start":{"line":7,"column":10},"end":{"line":7,"column":41}},{"start":{"line":7,"column":45},"end":{"line":7,"column":70}}],"line":7},"1":{"loc":{"start":{"line":18,"column":10},"end":{"line":18,"column":70}},"type":"binary-expr","locations":[{"start":{"line":18,"column":10},"end":{"line":18,"column":41}},{"start":{"line":18,"column":45},"end":{"line":18,"column":70}}],"line":18},"2":{"loc":{"start":{"line":29,"column":10},"end":{"line":29,"column":70}},"type":"binary-expr","locations":[{"start":{"line":29,"column":10},"end":{"line":29,"column":41}},{"start":{"line":29,"column":45},"end":{"line":29,"column":70}}],"line":29}},"s":{"0":1,"1":1,"2":0,"3":0,"4":0,"5":0,"6":10,"7":10,"8":1},"f":{"0":0,"1":0,"2":10},"b":{"0":[0,0],"1":[0,0],"2":[10,0]},"_coverageSchema":"1a1c01bbd47fc00a2c39e90264f33305004495a9","hash":"9e5262fc6ce85c58f4c18965f0c6c52af3ad0027"}
,"/Users/gitudigal/Local Sites/Fee management app/zoho-invoice-api/services/twilioService.js": {"path":"/Users/gitudigal/Local Sites/Fee management app/zoho-invoice-api/services/twilioService.js","statementMap":{"0":{"start":{"line":1,"column":15},"end":{"line":1,"column":32}},"1":{"start":{"line":4,"column":15},"end":{"line":7,"column":1}},"2":{"start":{"line":19,"column":2},"end":{"line":77,"column":3}},"3":{"start":{"line":21,"column":27},"end":{"line":21,"column":90}},"4":{"start":{"line":24,"column":16},"end":{"line":24,"column":26}},"5":{"start":{"line":25,"column":22},"end":{"line":25,"column":70}},"6":{"start":{"line":26,"column":17},"end":{"line":26,"column":34}},"7":{"start":{"line":29,"column":20},"end":{"line":38,"column":16}},"8":{"start":{"line":41,"column":27},"end":{"line":41,"column":61}},"9":{"start":{"line":42,"column":4},"end":{"line":44,"column":5}},"10":{"start":{"line":43,"column":6},"end":{"line":43,"column":63}},"11":{"start":{"line":46,"column":4},"end":{"line":46,"column":99}},"12":{"start":{"line":49,"column":21},"end":{"line":53,"column":6}},"13":{"start":{"line":55,"column":4},"end":{"line":55,"column":109}},"14":{"start":{"line":56,"column":4},"end":{"line":61,"column":6}},"15":{"start":{"line":64,"column":4},"end":{"line":64,"column":89}},"16":{"start":{"line":67,"column":4},"end":{"line":70,"column":5}},"17":{"start":{"line":68,"column":6},"end":{"line":68,"column":64}},"18":{"start":{"line":69,"column":6},"end":{"line":69,"column":95}},"19":{"start":{"line":72,"column":4},"end":{"line":76,"column":6}},"20":{"start":{"line":84,"column":2},"end":{"line":120,"column":3}},"21":{"start":{"line":85,"column":27},"end":{"line":85,"column":90}},"22":{"start":{"line":87,"column":16},"end":{"line":87,"column":26}},"23":{"start":{"line":88,"column":22},"end":{"line":88,"column":70}},"24":{"start":{"line":89,"column":17},"end":{"line":89,"column":34}},"25":{"start":{"line":91,"column":20},"end":{"line":91,"column":198}},"26":{"start":{"line":94,"column":22},"end":{"line":94,"column":53}},"27":{"start":{"line":95,"column":4},"end":{"line":97,"column":5}},"28":{"start":{"line":96,"column":6},"end":{"line":96,"column":89}},"29":{"start":{"line":99,"column":21},"end":{"line":103,"column":6}},"30":{"start":{"line":105,"column":4},"end":{"line":105,"column":105}},"31":{"start":{"line":106,"column":4},"end":{"line":111,"column":6}},"32":{"start":{"line":114,"column":4},"end":{"line":114,"column":81}},"33":{"start":{"line":115,"column":4},"end":{"line":119,"column":6}},"34":{"start":{"line":129,"column":18},"end":{"line":129,"column":20}},"35":{"start":{"line":131,"column":2},"end":{"line":160,"column":3}},"36":{"start":{"line":133,"column":4},"end":{"line":141,"column":5}},"37":{"start":{"line":134,"column":6},"end":{"line":139,"column":9}},"38":{"start":{"line":140,"column":6},"end":{"line":140,"column":15}},"39":{"start":{"line":143,"column":19},"end":{"line":149,"column":5}},"40":{"start":{"line":151,"column":4},"end":{"line":156,"column":7}},"41":{"start":{"line":159,"column":4},"end":{"line":159,"column":60}},"42":{"start":{"line":159,"column":33},"end":{"line":159,"column":58}},"43":{"start":{"line":162,"column":2},"end":{"line":162,"column":17}},"44":{"start":{"line":172,"column":2},"end":{"line":191,"column":3}},"45":{"start":{"line":173,"column":27},"end":{"line":173,"column":87}},"46":{"start":{"line":174,"column":21},"end":{"line":178,"column":6}},"47":{"start":{"line":179,"column":4},"end":{"line":179,"column":99}},"48":{"start":{"line":180,"column":4},"end":{"line":184,"column":6}},"49":{"start":{"line":186,"column":4},"end":{"line":186,"column":94}},"50":{"start":{"line":187,"column":4},"end":{"line":190,"column":6}},"51":{"start":{"line":201,"column":2},"end":{"line":215,"column":3}},"52":{"start":{"line":202,"column":27},"end":{"line":202,"column":90}},"53":{"start":{"line":203,"column":27},"end":{"line":203,"column":61}},"54":{"start":{"line":204,"column":4},"end":{"line":204,"column":82}},"55":{"start":{"line":204,"column":25},"end":{"line":204,"column":82}},"56":{"start":{"line":205,"column":20},"end":{"line":205,"column":92}},"57":{"start":{"line":206,"column":21},"end":{"line":210,"column":6}},"58":{"start":{"line":211,"column":4},"end":{"line":211,"column":79}},"59":{"start":{"line":213,"column":4},"end":{"line":213,"column":83}},"60":{"start":{"line":214,"column":4},"end":{"line":214,"column":52}},"61":{"start":{"line":218,"column":0},"end":{"line":223,"column":2}}},"fnMap":{"0":{"name":"sendFeeReminder","decl":{"start":{"line":18,"column":15},"end":{"line":18,"column":30}},"loc":{"start":{"line":18,"column":91},"end":{"line":78,"column":1}},"line":18},"1":{"name":"sendSMSFallback","decl":{"start":{"line":83,"column":15},"end":{"line":83,"column":30}},"loc":{"start":{"line":83,"column":91},"end":{"line":121,"column":1}},"line":83},"2":{"name":"sendBulkFeeReminders","decl":{"start":{"line":128,"column":15},"end":{"line":128,"column":35}},"loc":{"start":{"line":128,"column":52},"end":{"line":163,"column":1}},"line":128},"3":{"name":"(anonymous_3)","decl":{"start":{"line":159,"column":22},"end":{"line":159,"column":23}},"loc":{"start":{"line":159,"column":33},"end":{"line":159,"column":58}},"line":159},"4":{"name":"sendCustomWhatsApp","decl":{"start":{"line":171,"column":15},"end":{"line":171,"column":33}},"loc":{"start":{"line":171,"column":56},"end":{"line":192,"column":1}},"line":171},"5":{"name":"sendWhatsAppOTP","decl":{"start":{"line":200,"column":15},"end":{"line":200,"column":30}},"loc":{"start":{"line":200,"column":49},"end":{"line":216,"column":1}},"line":200}},"branchMap":{"0":{"loc":{"start":{"line":21,"column":27},"end":{"line":21,"column":90}},"type":"cond-expr","locations":[{"start":{"line":21,"column":57},"end":{"line":21,"column":68}},{"start":{"line":21,"column":71},"end":{"line":21,"column":90}}],"line":21},"1":{"loc":{"start":{"line":42,"column":4},"end":{"line":44,"column":5}},"type":"if","locations":[{"start":{"line":42,"column":4},"end":{"line":44,"column":5}},{"start":{},"end":{}}],"line":42},"2":{"loc":{"start":{"line":67,"column":4},"end":{"line":70,"column":5}},"type":"if","locations":[{"start":{"line":67,"column":4},"end":{"line":70,"column":5}},{"start":{},"end":{}}],"line":67},"3":{"loc":{"start":{"line":67,"column":8},"end":{"line":67,"column":83}},"type":"binary-expr","locations":[{"start":{"line":67,"column":8},"end":{"line":67,"column":41}},{"start":{"line":67,"column":45},"end":{"line":67,"column":83}}],"line":67},"4":{"loc":{"start":{"line":85,"column":27},"end":{"line":85,"column":90}},"type":"cond-expr","locations":[{"start":{"line":85,"column":57},"end":{"line":85,"column":68}},{"start":{"line":85,"column":71},"end":{"line":85,"column":90}}],"line":85},"5":{"loc":{"start":{"line":95,"column":4},"end":{"line":97,"column":5}},"type":"if","locations":[{"start":{"line":95,"column":4},"end":{"line":97,"column":5}},{"start":{},"end":{}}],"line":95},"6":{"loc":{"start":{"line":133,"column":4},"end":{"line":141,"column":5}},"type":"if","locations":[{"start":{"line":133,"column":4},"end":{"line":141,"column":5}},{"start":{},"end":{}}],"line":133},"7":{"loc":{"start":{"line":146,"column":6},"end":{"line":146,"column":56}},"type":"binary-expr","locations":[{"start":{"line":146,"column":6},"end":{"line":146,"column":51}},{"start":{"line":146,"column":55},"end":{"line":146,"column":56}}],"line":146},"8":{"loc":{"start":{"line":147,"column":6},"end":{"line":147,"column":41}},"type":"binary-expr","locations":[{"start":{"line":147,"column":6},"end":{"line":147,"column":29}},{"start":{"line":147,"column":33},"end":{"line":147,"column":41}}],"line":147},"9":{"loc":{"start":{"line":148,"column":6},"end":{"line":148,"column":38}},"type":"binary-expr","locations":[{"start":{"line":148,"column":6},"end":{"line":148,"column":27}},{"start":{"line":148,"column":31},"end":{"line":148,"column":38}}],"line":148},"10":{"loc":{"start":{"line":202,"column":27},"end":{"line":202,"column":90}},"type":"cond-expr","locations":[{"start":{"line":202,"column":57},"end":{"line":202,"column":68}},{"start":{"line":202,"column":71},"end":{"line":202,"column":90}}],"line":202},"11":{"loc":{"start":{"line":204,"column":4},"end":{"line":204,"column":82}},"type":"if","locations":[{"start":{"line":204,"column":4},"end":{"line":204,"column":82}},{"start":{},"end":{}}],"line":204}},"s":{"0":1,"1":1,"2":9,"3":9,"4":9,"5":9,"6":9,"7":9,"8":9,"9":9,"10":1,"11":8,"12":8,"13":5,"14":5,"15":4,"16":4,"17":2,"18":2,"19":2,"20":2,"21":2,"22":2,"23":2,"24":2,"25":2,"26":2,"27":2,"28":0,"29":2,"30":1,"31":1,"32":1,"33":1,"34":3,"35":3,"36":5,"37":1,"38":1,"39":4,"40":4,"41":4,"42":4,"43":3,"44":3,"45":3,"46":3,"47":2,"48":2,"49":1,"50":1,"51":3,"52":3,"53":3,"54":3,"55":1,"56":2,"57":2,"58":1,"59":2,"60":2,"61":1},"f":{"0":9,"1":2,"2":3,"3":4,"4":3,"5":3},"b":{"0":[8,1],"1":[1,8],"2":[2,2],"3":[4,2],"4":[2,0],"5":[0,2],"6":[1,4],"7":[4,0],"8":[4,0],"9":[4,0],"10":[3,0],"11":[1,2]},"_coverageSchema":"1a1c01bbd47fc00a2c39e90264f33305004495a9","hash":"d960dcf227e1d245207587ec79d2cafbb4d625e9"}
}
