TN:
SF:routes/mongoCustomers.js
FN:8,(anonymous_0)
FN:21,(anonymous_1)
FN:36,(anonymous_2)
FN:51,(anonymous_3)
FN:91,(anonymous_4)
FN:105,(anonymous_5)
FN:129,(anonymous_6)
FN:148,(anonymous_7)
FN:163,(anonymous_8)
FNF:9
FNH:0
FNDA:0,(anonymous_0)
FNDA:0,(anonymous_1)
FNDA:0,(anonymous_2)
FNDA:0,(anonymous_3)
FNDA:0,(anonymous_4)
FNDA:0,(anonymous_5)
FNDA:0,(anonymous_6)
FNDA:0,(anonymous_7)
FNDA:0,(anonymous_8)
DA:1,0
DA:2,0
DA:3,0
DA:4,0
DA:5,0
DA:8,0
DA:9,0
DA:10,0
DA:11,0
DA:12,0
DA:14,0
DA:16,0
DA:21,0
DA:22,0
DA:23,0
DA:24,0
DA:26,0
DA:27,0
DA:36,0
DA:37,0
DA:39,0
DA:40,0
DA:43,0
DA:45,0
DA:46,0
DA:51,0
DA:52,0
DA:53,0
DA:54,0
DA:57,0
DA:58,0
DA:60,0
DA:61,0
DA:63,0
DA:64,0
DA:68,0
DA:69,0
DA:72,0
DA:74,0
DA:75,0
DA:76,0
DA:77,0
DA:78,0
DA:80,0
DA:83,0
DA:85,0
DA:91,0
DA:92,0
DA:93,0
DA:94,0
DA:105,0
DA:106,0
DA:107,0
DA:108,0
DA:109,0
DA:110,0
DA:111,0
DA:112,0
DA:115,0
DA:116,0
DA:118,0
DA:120,0
DA:121,0
DA:123,0
DA:129,0
DA:130,0
DA:131,0
DA:136,0
DA:137,0
DA:140,0
DA:141,0
DA:143,0
DA:148,0
DA:149,0
DA:150,0
DA:151,0
DA:152,0
DA:155,0
DA:156,0
DA:158,0
DA:163,0
DA:164,0
DA:165,0
DA:168,0
LF:84
LH:0
BRDA:11,0,0,0
BRDA:11,0,1,0
BRDA:16,1,0,0
BRDA:16,1,1,0
BRDA:23,2,0,0
BRDA:23,3,0,0
BRDA:26,4,0,0
BRDA:26,4,1,0
BRDA:45,5,0,0
BRDA:45,5,1,0
BRDA:46,6,0,0
BRDA:46,6,1,0
BRDA:57,7,0,0
BRDA:57,7,1,0
BRDA:57,8,0,0
BRDA:57,8,1,0
BRDA:60,9,0,0
BRDA:60,9,1,0
BRDA:60,10,0,0
BRDA:60,10,1,0
BRDA:63,11,0,0
BRDA:63,11,1,0
BRDA:63,12,0,0
BRDA:63,12,1,0
BRDA:68,13,0,0
BRDA:68,13,1,0
BRDA:74,14,0,0
BRDA:74,14,1,0
BRDA:76,15,0,0
BRDA:76,15,1,0
BRDA:76,16,0,0
BRDA:76,16,1,0
BRDA:77,17,0,0
BRDA:77,17,1,0
BRDA:77,18,0,0
BRDA:77,18,1,0
BRDA:78,19,0,0
BRDA:78,19,1,0
BRDA:78,20,0,0
BRDA:78,20,1,0
BRDA:108,21,0,0
BRDA:108,21,1,0
BRDA:110,22,0,0
BRDA:110,22,1,0
BRDA:115,23,0,0
BRDA:115,23,1,0
BRDA:115,23,2,0
BRDA:118,24,0,0
BRDA:118,24,1,0
BRDA:120,25,0,0
BRDA:120,25,1,0
BRDA:123,26,0,0
BRDA:123,26,1,0
BRDA:136,27,0,0
BRDA:136,27,1,0
BRDA:140,28,0,0
BRDA:140,28,1,0
BRDA:140,28,2,0
BRDA:143,29,0,0
BRDA:143,29,1,0
BRDA:151,30,0,0
BRDA:151,30,1,0
BRDA:155,31,0,0
BRDA:155,31,1,0
BRDA:155,31,2,0
BRDA:158,32,0,0
BRDA:158,32,1,0
BRDA:164,33,0,0
BRDA:164,33,1,0
BRF:69
BRH:0
end_of_record
TN:
SF:routes/mongoInvoices.js
FN:6,(anonymous_0)
FN:29,(anonymous_1)
FN:43,(anonymous_2)
FN:59,(anonymous_3)
FNF:4
FNH:0
FNDA:0,(anonymous_0)
FNDA:0,(anonymous_1)
FNDA:0,(anonymous_2)
FNDA:0,(anonymous_3)
DA:1,0
DA:2,0
DA:3,0
DA:6,0
DA:7,0
DA:8,0
DA:9,0
DA:11,0
DA:12,0
DA:18,0
DA:19,0
DA:21,0
DA:23,0
DA:24,0
DA:25,0
DA:26,0
DA:29,0
DA:30,0
DA:32,0
DA:33,0
DA:36,0
DA:38,0
DA:43,0
DA:44,0
DA:45,0
DA:46,0
DA:47,0
DA:48,0
DA:53,0
DA:54,0
DA:55,0
DA:56,0
DA:57,0
DA:59,0
DA:60,0
DA:62,0
DA:63,0
DA:66,0
DA:68,0
DA:72,0
LF:40
LH:0
BRDA:8,0,0,0
BRDA:8,1,0,0
BRDA:11,2,0,0
BRDA:11,2,1,0
BRDA:18,3,0,0
BRDA:18,3,1,0
BRDA:21,4,0,0
BRDA:21,4,1,0
BRDA:45,5,0,0
BRDA:45,6,0,0
BRDA:47,7,0,0
BRDA:47,7,1,0
BRDA:53,8,0,0
BRDA:53,8,1,0
BRF:14
BRH:0
end_of_record
TN:
SF:routes/mongoPayments.js
FN:7,(anonymous_0)
FN:30,(anonymous_1)
FN:44,(anonymous_2)
FN:58,(anonymous_3)
FN:72,(anonymous_4)
FNF:5
FNH:0
FNDA:0,(anonymous_0)
FNDA:0,(anonymous_1)
FNDA:0,(anonymous_2)
FNDA:0,(anonymous_3)
FNDA:0,(anonymous_4)
DA:1,0
DA:2,0
DA:3,0
DA:4,0
DA:7,0
DA:8,0
DA:9,0
DA:10,0
DA:12,0
DA:13,0
DA:19,0
DA:20,0
DA:22,0
DA:24,0
DA:25,0
DA:26,0
DA:27,0
DA:30,0
DA:31,0
DA:33,0
DA:34,0
DA:37,0
DA:39,0
DA:44,0
DA:45,0
DA:46,0
DA:47,0
DA:49,0
DA:50,0
DA:52,0
DA:53,0
DA:58,0
DA:59,0
DA:60,0
DA:61,0
DA:62,0
DA:63,0
DA:65,0
DA:67,0
DA:72,0
DA:73,0
DA:74,0
DA:75,0
DA:76,0
DA:77,0
DA:78,0
DA:79,0
DA:80,0
DA:81,0
DA:82,0
DA:83,0
DA:85,0
DA:87,0
DA:91,0
LF:54
LH:0
BRDA:9,0,0,0
BRDA:9,1,0,0
BRDA:12,2,0,0
BRDA:12,2,1,0
BRDA:19,3,0,0
BRDA:19,3,1,0
BRDA:22,4,0,0
BRDA:22,4,1,0
BRDA:46,5,0,0
BRDA:46,5,1,0
BRDA:52,6,0,0
BRDA:52,6,1,0
BRDA:53,7,0,0
BRDA:53,7,1,0
BRDA:62,8,0,0
BRDA:62,8,1,0
BRDA:77,9,0,0
BRDA:77,9,1,0
BRDA:78,10,0,0
BRDA:78,10,1,0
BRDA:79,11,0,0
BRDA:79,11,1,0
BRDA:80,12,0,0
BRDA:80,12,1,0
BRDA:82,13,0,0
BRDA:82,13,1,0
BRF:26
BRH:0
end_of_record
TN:
SF:routes/notifications.js
FN:6,(anonymous_0)
FN:16,(anonymous_1)
FN:27,(anonymous_2)
FN:38,(anonymous_3)
FNF:4
FNH:0
FNDA:0,(anonymous_0)
FNDA:0,(anonymous_1)
FNDA:0,(anonymous_2)
FNDA:0,(anonymous_3)
DA:1,0
DA:2,0
DA:3,0
DA:6,0
DA:7,0
DA:8,0
DA:9,0
DA:11,0
DA:16,0
DA:17,0
DA:18,0
DA:19,0
DA:20,0
DA:22,0
DA:27,0
DA:28,0
DA:29,0
DA:30,0
DA:31,0
DA:33,0
DA:38,0
DA:39,0
DA:40,0
DA:41,0
DA:43,0
DA:47,0
LF:26
LH:0
BRF:0
BRH:0
end_of_record
TN:
SF:routes/sms.js
FN:11,(anonymous_0)
FN:38,(anonymous_1)
FN:42,(anonymous_2)
FN:47,(anonymous_3)
FN:69,(anonymous_4)
FN:90,(anonymous_5)
FN:108,(anonymous_6)
FN:109,(anonymous_7)
FN:136,(anonymous_8)
FN:176,(anonymous_9)
FNF:10
FNH:10
FNDA:4,(anonymous_0)
FNDA:4,(anonymous_1)
FNDA:9,(anonymous_2)
FNDA:5,(anonymous_3)
FNDA:4,(anonymous_4)
FNDA:4,(anonymous_5)
FNDA:4,(anonymous_6)
FNDA:7,(anonymous_7)
FNDA:4,(anonymous_8)
FNDA:2,(anonymous_9)
DA:1,1
DA:2,1
DA:3,1
DA:4,1
DA:5,1
DA:11,1
DA:12,4
DA:14,4
DA:15,4
DA:17,4
DA:18,1
DA:20,3
DA:21,3
DA:22,3
DA:25,4
DA:27,4
DA:28,4
DA:29,4
DA:30,4
DA:37,4
DA:38,4
DA:39,4
DA:42,4
DA:43,9
DA:44,9
DA:47,5
DA:48,4
DA:57,0
DA:58,0
DA:69,1
DA:70,4
DA:71,4
DA:73,4
DA:74,4
DA:75,2
DA:77,2
DA:78,2
DA:79,1
DA:81,1
DA:82,1
DA:90,1
DA:91,4
DA:92,4
DA:93,4
DA:95,4
DA:96,1
DA:98,3
DA:99,3
DA:100,3
DA:102,4
DA:103,4
DA:104,4
DA:105,4
DA:106,4
DA:107,4
DA:108,4
DA:109,4
DA:110,7
DA:111,7
DA:113,4
DA:114,1
DA:116,3
DA:117,3
DA:118,3
DA:119,3
DA:120,2
DA:122,1
DA:125,3
DA:127,0
DA:128,0
DA:136,1
DA:137,4
DA:138,4
DA:140,4
DA:141,2
DA:147,2
DA:149,2
DA:150,1
DA:157,1
DA:164,0
DA:165,0
DA:176,1
DA:177,2
DA:178,2
DA:180,2
DA:189,0
DA:190,0
DA:197,1
LF:88
LH:80
BRDA:17,0,0,1
BRDA:17,0,1,3
BRDA:17,1,0,4
BRDA:17,1,1,2
BRDA:43,2,0,9
BRDA:43,2,1,0
BRDA:74,3,0,2
BRDA:74,3,1,2
BRDA:74,4,0,4
BRDA:74,4,1,3
BRDA:77,5,0,2
BRDA:77,5,1,2
BRDA:95,6,0,1
BRDA:95,6,1,3
BRDA:95,7,0,4
BRDA:95,7,1,1
BRDA:110,8,0,7
BRDA:110,8,1,0
BRDA:113,9,0,1
BRDA:113,9,1,3
BRDA:119,10,0,3
BRDA:119,10,1,3
BRDA:140,11,0,2
BRDA:140,11,1,2
BRDA:140,12,0,4
BRDA:140,12,1,3
BRDA:149,13,0,1
BRDA:149,13,1,1
BRDA:178,14,0,2
BRDA:178,14,1,2
BRDA:178,14,2,2
BRDA:184,15,0,1
BRDA:184,15,1,1
BRDA:185,16,0,1
BRDA:185,16,1,1
BRF:35
BRH:33
end_of_record
TN:
SF:services/sendgridService.js
FN:4,sendOtpEmail
FN:15,sendPasswordResetEmail
FN:26,sendFeeReminderEmail
FNF:3
FNH:1
FNDA:0,sendOtpEmail
FNDA:0,sendPasswordResetEmail
FNDA:10,sendFeeReminderEmail
DA:1,1
DA:2,1
DA:5,0
DA:12,0
DA:16,0
DA:23,0
DA:27,10
DA:34,10
DA:37,1
LF:9
LH:5
BRDA:7,0,0,0
BRDA:7,0,1,0
BRDA:18,1,0,0
BRDA:18,1,1,0
BRDA:29,2,0,10
BRDA:29,2,1,0
BRF:6
BRH:1
end_of_record
TN:
SF:services/twilioService.js
FN:18,sendFeeReminder
FN:83,sendSMSFallback
FN:128,sendBulkFeeReminders
FN:159,(anonymous_3)
FN:171,sendCustomWhatsApp
FN:200,sendWhatsAppOTP
FNF:6
FNH:6
FNDA:9,sendFeeReminder
FNDA:2,sendSMSFallback
FNDA:3,sendBulkFeeReminders
FNDA:4,(anonymous_3)
FNDA:3,sendCustomWhatsApp
FNDA:3,sendWhatsAppOTP
DA:1,1
DA:4,1
DA:19,9
DA:21,9
DA:24,9
DA:25,9
DA:26,9
DA:29,9
DA:41,9
DA:42,9
DA:43,1
DA:46,8
DA:49,8
DA:55,5
DA:56,5
DA:64,4
DA:67,4
DA:68,2
DA:69,2
DA:72,2
DA:84,2
DA:85,2
DA:87,2
DA:88,2
DA:89,2
DA:91,2
DA:94,2
DA:95,2
DA:96,0
DA:99,2
DA:105,1
DA:106,1
DA:114,1
DA:115,1
DA:129,3
DA:131,3
DA:133,5
DA:134,1
DA:140,1
DA:143,4
DA:151,4
DA:159,4
DA:162,3
DA:172,3
DA:173,3
DA:174,3
DA:179,2
DA:180,2
DA:186,1
DA:187,1
DA:201,3
DA:202,3
DA:203,3
DA:204,3
DA:205,2
DA:206,2
DA:211,1
DA:213,2
DA:214,2
DA:218,1
LF:60
LH:59
BRDA:21,0,0,8
BRDA:21,0,1,1
BRDA:42,1,0,1
BRDA:42,1,1,8
BRDA:67,2,0,2
BRDA:67,2,1,2
BRDA:67,3,0,4
BRDA:67,3,1,2
BRDA:85,4,0,2
BRDA:85,4,1,0
BRDA:95,5,0,0
BRDA:95,5,1,2
BRDA:133,6,0,1
BRDA:133,6,1,4
BRDA:146,7,0,4
BRDA:146,7,1,0
BRDA:147,8,0,4
BRDA:147,8,1,0
BRDA:148,9,0,4
BRDA:148,9,1,0
BRDA:202,10,0,3
BRDA:202,10,1,0
BRDA:204,11,0,1
BRDA:204,11,1,2
BRF:24
BRH:18
end_of_record
